<?xml version="1.0" encoding="UTF-8"?>
<!-- Generated by org.testng.reporters.JUnitReportReporter -->
<testsuite hostname="DESKTOP-NIE2LDM" failures="0" tests="1" name="selenium.YahooSearchTest" time="3.335" errors="0" timestamp="2025-07-25T13:14:34 IST" skipped="0">
  <testcase classname="selenium.YahooSearchTest" name="testYahooSearch" time="3.335"/>
</testsuite> <!-- selenium.YahooSearchTest -->
