<?xml version="1.0" encoding="UTF-8"?>
<!-- Generated by org.testng.reporters.JUnitReportReporter -->
<testsuite hostname="DESKTOP-NIE2LDM" failures="0" tests="1" name="playwright.DuckDuckGoSearchTest" time="4.598" errors="0" timestamp="2025-07-25T13:14:34 IST" skipped="0">
  <testcase classname="playwright.DuckDuckGoSearchTest" name="testDuckDuckGoSearch" time="4.598"/>
</testsuite> <!-- playwright.DuckDuckGoSearchTest -->
