<?xml version="1.0" encoding="UTF-8"?>
<!-- Generated by org.testng.reporters.JUnitReportReporter -->
<testsuite hostname="DESKTOP-NIE2LDM" failures="0" tests="2" name="playwright.BingSearchTest" time="2.256" errors="0" timestamp="2025-07-25T13:14:34 IST" skipped="0">
  <testcase classname="playwright.BingSearchTest" name="testDuckDuckGoSearch" time="1.181"/>
  <testcase classname="playwright.BingSearchTest" name="testBingSearch" time="1.075"/>
</testsuite> <!-- playwright.BingSearchTest -->
