<?xml version="1.0" encoding="UTF-8"?>
<!-- Generated by org.testng.reporters.JUnitReportReporter -->
<testsuite hostname="DESKTOP-NIE2LDM" failures="0" tests="1" name="selenium.GoogleSearchTest" time="2.209" errors="0" timestamp="2025-07-25T13:14:34 IST" skipped="0">
  <testcase classname="selenium.GoogleSearchTest" name="testGoogleSearch" time="2.209"/>
</testsuite> <!-- selenium.GoogleSearchTest -->
